[2023-04-17 16:44:00.043] [exthost] [info] extension host started
[2023-04-17 16:44:00.115] [exthost] [info] ExtensionService#_doActivateExtension vscode.microsoft-authentication {"startup":false,"extensionId":{"value":"vscode.microsoft-authentication","_lower":"vscode.microsoft-authentication"},"activationEvent":"onAuthenticationRequest:microsoft"}
[2023-04-17 16:44:00.115] [exthost] [info] ExtensionService#loadCommonJSModule file:///usr/share/code/resources/app/extensions/microsoft-authentication/dist/extension.js
[2023-04-17 16:44:00.140] [exthost] [info] ExtensionService#_doActivateExtension vscode.debug-auto-launch {"startup":true,"extensionId":{"value":"vscode.debug-auto-launch","_lower":"vscode.debug-auto-launch"},"activationEvent":"*"}
[2023-04-17 16:44:00.140] [exthost] [info] ExtensionService#loadCommonJSModule file:///usr/share/code/resources/app/extensions/debug-auto-launch/dist/extension
[2023-04-17 16:44:00.147] [exthost] [info] ExtensionService#_doActivateExtension vscode.git {"startup":true,"extensionId":{"value":"vscode.github","_lower":"vscode.github"},"activationEvent":"*"}
[2023-04-17 16:44:00.147] [exthost] [info] ExtensionService#loadCommonJSModule file:///usr/share/code/resources/app/extensions/git/dist/main
[2023-04-17 16:44:00.377] [exthost] [info] ExtensionService#_doActivateExtension vscode.github {"startup":true,"extensionId":{"value":"vscode.github","_lower":"vscode.github"},"activationEvent":"*"}
[2023-04-17 16:44:00.377] [exthost] [info] ExtensionService#loadCommonJSModule file:///usr/share/code/resources/app/extensions/github/dist/extension.js
[2023-04-17 16:44:00.468] [exthost] [info] eager extensions activated
[2023-04-17 16:44:00.483] [exthost] [info] ExtensionService#_doActivateExtension ms-vscode.js-debug {"startup":false,"extensionId":{"value":"ms-vscode.js-debug","_lower":"ms-vscode.js-debug"},"activationEvent":"onCommand:extension.js-debug.clearAutoAttachVariables"}
[2023-04-17 16:44:00.483] [exthost] [info] ExtensionService#loadCommonJSModule file:///usr/share/code/resources/app/extensions/ms-vscode.js-debug/src/extension.js
[2023-04-17 16:44:00.899] [exthost] [info] ExtensionService#_doActivateExtension vscode.emmet {"startup":false,"extensionId":{"value":"vscode.emmet","_lower":"vscode.emmet"},"activationEvent":"onStartupFinished"}
[2023-04-17 16:44:00.899] [exthost] [info] ExtensionService#loadCommonJSModule file:///usr/share/code/resources/app/extensions/emmet/dist/node/emmetNodeMain
[2023-04-17 16:44:00.929] [exthost] [info] ExtensionService#_doActivateExtension vscode.merge-conflict {"startup":false,"extensionId":{"value":"vscode.merge-conflict","_lower":"vscode.merge-conflict"},"activationEvent":"onStartupFinished"}
[2023-04-17 16:44:00.929] [exthost] [info] ExtensionService#loadCommonJSModule file:///usr/share/code/resources/app/extensions/merge-conflict/dist/mergeConflictMain
[2023-04-17 16:44:00.940] [exthost] [info] ExtensionService#_doActivateExtension vscode.testing-editor-contributions {"startup":false,"extensionId":{"value":"vscode.testing-editor-contributions","_lower":"vscode.testing-editor-contributions"},"activationEvent":"onStartupFinished"}
[2023-04-17 16:44:00.941] [exthost] [info] ExtensionService#loadCommonJSModule file:///usr/share/code/resources/app/extensions/testing-editor-contributions/dist/extension.js
[2023-04-17 16:44:00.945] [exthost] [info] ExtensionService#_doActivateExtension ms-vscode-remote.remote-containers {"startup":false,"extensionId":{"value":"ms-vscode-remote.remote-containers","_lower":"ms-vscode-remote.remote-containers"},"activationEvent":"onStartupFinished"}
[2023-04-17 16:44:00.945] [exthost] [info] ExtensionService#loadCommonJSModule file:///root/.vscode/extensions/ms-vscode-remote.remote-containers-0.183.0/dist/extension/extension
[2023-04-17 16:44:01.205] [exthost] [info] ExtensionService#_doActivateExtension vscode.github-authentication {"startup":false,"extensionId":{"value":"vscode.github-authentication","_lower":"vscode.github-authentication"},"activationEvent":"onAuthenticationRequest:github"}
[2023-04-17 16:44:01.205] [exthost] [info] ExtensionService#loadCommonJSModule file:///usr/share/code/resources/app/extensions/github-authentication/dist/extension.js
[2023-04-17 16:44:01.792] [exthost] [info] ExtensionService#_doActivateExtension ms-vscode.makefile-tools {"startup":false,"extensionId":{"value":"ms-vscode.makefile-tools","_lower":"ms-vscode.makefile-tools"},"activationEvent":"workspaceContains:**/makefile,**/Makefile,**/GNUmakefile"}
[2023-04-17 16:44:01.792] [exthost] [info] ExtensionService#loadCommonJSModule file:///root/.vscode/extensions/ms-vscode.makefile-tools-0.6.0/out/src/extension.js
[2023-04-17 16:44:11.843] [exthost] [warning] [Decorations] CAPPING events from decorations provider vscode.git 276
[2023-04-17 16:44:17.085] [exthost] [info] ExtensionService#_doActivateExtension austin.code-gnu-global {"startup":false,"extensionId":{"value":"austin.code-gnu-global","_lower":"austin.code-gnu-global"},"activationEvent":"onLanguage:c"}
[2023-04-17 16:44:17.085] [exthost] [info] ExtensionService#loadCommonJSModule file:///root/.vscode/extensions/austin.code-gnu-global-0.2.2/out/src/extension
[2023-04-17 16:44:17.127] [exthost] [info] ExtensionService#_doActivateExtension cschlosser.doxdocgen {"startup":false,"extensionId":{"value":"cschlosser.doxdocgen","_lower":"cschlosser.doxdocgen"},"activationEvent":"onLanguage:c"}
[2023-04-17 16:44:17.127] [exthost] [info] ExtensionService#loadCommonJSModule file:///root/.vscode/extensions/cschlosser.doxdocgen-1.4.0/out/extension
[2023-04-17 16:44:43.797] [exthost] [info] extension host terminating: renderer closed the socket
[2023-04-17 16:44:44.810] [exthost] [info] exiting with code 0
