Looking for git in: git
Using git 2.25.1 from git
> git rev-parse --git-dir
Open repository: /root/aideck-gap8-autofly
> git status -z -u
> git symbolic-ref --short HEAD
> git for-each-ref --format=%(refname)%00%(upstream:short)%00%(objectname)%00%(upstream:track) refs/heads/master refs/remotes/master
> git check-ignore -v -z --stdin
> git for-each-ref --sort -committerdate --format %(refname) %(objectname) %(*objectname)
> git remote --verbose
> git config --get commit.template
> git check-ignore -v -z --stdin
> git check-ignore -v -z --stdin
> git show --textconv :tools/build/build
> git ls-files --stage -- /root/aideck-gap8-autofly/tools/build/build
> git cat-file -s d04ceff6cc50548d24192de7b356fd8f5f3291d7
> git status -z -u
> git symbolic-ref --short HEAD
> git for-each-ref --format=%(refname)%00%(upstream:short)%00%(objectname)%00%(upstream:track) refs/heads/master refs/remotes/master
> git for-each-ref --sort -committerdate --format %(refname) %(objectname) %(*objectname)
> git remote --verbose
> git config --get commit.template
> git check-ignore -v -z --stdin
> git check-ignore -v -z --stdin
> git show --textconv :examples/other/hello_world_gap8/hello_world_gap8.c
> git ls-files --stage -- /root/aideck-gap8-autofly/examples/other/hello_world_gap8/hello_world_gap8.c
> git cat-file -s 4371621eb1c03ff9a1bfc07fea2c6cad0e800bd4
> git check-ignore -v -z --stdin
> git check-ignore -v -z --stdin
> git check-ignore -v -z --stdin
> git show --textconv :.gitignore
> git ls-files --stage -- /root/aideck-gap8-autofly/.gitignore
> git cat-file -s 62414e8dc0b1fa1e997754eb74703da94da93aab
